0 info it worked if it ends with ok
1 verbose cli [ 'node', '/usr/local/bin/npm', 'run', 'build' ]
2 info using npm@1.4.13
3 info using node@v0.10.28
4 verbose run-script [ 'prebuild', 'build', 'postbuild' ]
5 info prebuild iilab.org@
6 info build iilab.org@
7 verbose unsafe-perm in lifecycle true
8 info iilab.org@ Failed to exec build script
9 error iilab.org@ build: `metalsmith`
9 error Exit status 8
10 error Failed at the iilab.org@ build script.
10 error This is most likely a problem with the iilab.org package,
10 error not with npm itself.
10 error Tell the author that this fails on your system:
10 error     metalsmith
10 error You can get their info via:
10 error     npm owner ls iilab.org
10 error There is likely additional logging output above.
11 error System Darwin 12.5.0
12 error command "node" "/usr/local/bin/npm" "run" "build"
13 error cwd /Users/jun/dev/iilab/iilab.org-metalsmith
14 error node -v v0.10.28
15 error npm -v 1.4.13
16 error code ELIFECYCLE
17 verbose exit [ 1, true ]
